VM1857 waline.min.js:27 Uncaught SyntaxError: Unexpected token 'export'
PendingScript		
loadWalineScript	@	main.js:374
initWalineForMemo	@	main.js:357
script.onload	@	main.js:367
script		
loadWalineScript	@	main.js:363
initWalineForMemo	@	main.js:357
script.onload	@	main.js:367
script		
loadWalineScript	@	main.js:363
initWalineForMemo	@	main.js:357
script.onload	@	main.js:367
script		
loadWalineScript	@	main.js:363
initWalineForMemo	@	main.js:357
script.onload	@	main.js:367
script		
loadWalineScript	@	main.js:363
initWalineForMemo	@	main.js:357
script.onload	@	main.js:367
script		
loadWalineScript	@	main.js:363
initWalineForMemo	@	main.js:357
script.onload	@	main.js:367
script		
loadWalineScript	@	main.js:363
initWalineForMemo	@	main.js:357
script.onload	@	main.js:367
script		
loadWalineScript	@	main.js:363
initWalineForMemo	@	main.js:357
script.onload	@	main.js:367
script		
loadWalineScript	@	main.js:363
initWalineForMemo	@	main.js:357
script.onload	@	main.js:367
script		
loadWalineScript	@	main.js:363
initWalineForMemo	@	main.js:357
script.onload	@	main.js:367
script		
loadWalineScript	@	main.js:363
initWalineForMemo	@	main.js:357
script.onload	@	main.js:367
script		
loadWalineScript	@	main.js:363
initWalineForMemo	@	main.js:357
script.onload	@	main.js:367
script		
loadWalineScript	@	main.js:363
initWalineForMemo	@	main.js:357
script.onload	@	main.js:367
script		
loadWalineScript	@	main.js:363
initWalineForMemo	@	main.js:357
script.onload	@	main.js:367
script		
loadWalineScript	@	main.js:363
initWalineForMemo	@	main.js:357
script.onload	@	main.js:367
script		
loadWalineScript	@	main.js:363
initWalineForMemo	@	main.js:357
script.onload	@	main.js:367
script		
loadWalineScript	@	main.js:363
initWalineForMemo	@	main.js:357
script.onload	@	main.js:367
script		
loadWalineScript	@	main.js:363
initWalineForMemo	@	main.js:357
script.onload	@	main.js:367
script		
loadWalineScript	@	main.js:363
initWalineForMemo	@	main.js:357
script.onload	@	main.js:367
script		
loadWalineScript	@	main.js:363
initWalineForMemo	@	main.js:357
script.onload	@	main.js:367
script		
loadWalineScript	@	main.js:363
initWalineForMemo	@	main.js:357
script.onload	@	main.js:367
script		
loadWalineScript	@	main.js:363
initWalineForMemo	@	main.js:357
script.onload	@	main.js:367
script		
loadWalineScript	@	main.js:363
initWalineForMemo	@	main.js:357
script.onload	@	main.js:367
script		
loadWalineScript	@	main.js:363
initWalineForMemo	@	main.js:357
script.onload	@	main.js:367
script		
loadWalineScript	@	main.js:363
initWalineForMemo	@	main.js:357
script.onload	@	main.js:367
script		
loadWalineScript	@	main.js:363
initWalineForMemo	@	main.js:357
script.onload	@	main.js:367
script		
loadWalineScript	@	main.js:363
initWalineForMemo	@	main.js:357
script.onload	@	main.js:367
script		
loadWalineScript	@	main.js:363
initWalineForMemo	@	main.js:357
script.onload	@	main.js:367
script		
loadWalineScript	@	main.js:363
initWalineForMemo	@	main.js:357
script.onload	@	main.js:367
script		
loadWalineScript	@	main.js:363
initWalineForMemo	@	main.js:357
script.onload	@	main.js:367
script		
loadWalineScript	@	main.js:363
initWalineForMemo	@	main.js:357
script.onload	@	main.js:367
script		
loadWalineScript	@	main.js:363
initWalineForMemo	@	main.js:357
script.onload	@	main.js:367
script		
loadWalineScript	@	main.js:363
initWalineForMemo	@	main.js:357
script.onload	@	main.js:367
script		
loadWalineScript	@	main.js:363
initWalineForMemo	@	main.js:357
script.onload	@	main.js:367
script		
loadWalineScript	@	main.js:363
initWalineForMemo	@	main.js:357
script.onload	@	main.js:367
script		
loadWalineScript	@	main.js:363
initWalineForMemo	@	main.js:357
script.onload	@	main.js:367
script		
loadWalineScript	@	main.js:363
initWalineForMemo	@	main.js:357
script.onload	@	main.js:367
script		
loadWalineScript	@	main.js:363
initWalineForMemo	@	main.js:357
script.onload	@	main.js:367
script		
loadWalineScript	@	main.js:363
initWalineForMemo	@	main.js:357
script.onload	@	main.js:367
script		
loadWalineScript	@	main.js:363
initWalineForMemo	@	main.js:357
script.onload	@	main.js:367
script		
loadWalineScript	@	main.js:363
initWalineForMemo	@	main.js:357
script.onload	@	main.js:367
script		
loadWalineScript	@	main.js:363
initWalineForMemo	@	main.js:357
script.onload	@	main.js:367
script		
loadWalineScript	@	main.js:363
initWalineForMemo	@	main.js:357
script.onload	@	main.js:367
script		
loadWalineScript	@	main.js:363
initWalineForMemo	@	main.js:357
script.onload	@	main.js:367
script		
loadWalineScript	@	main.js:363
initWalineForMemo	@	main.js:357
script.onload	@	main.js:367
script		
loadWalineScript	@	main.js:363
initWalineForMemo	@	main.js:357
script.onload	@	main.js:367
script		
loadWalineScript	@	main.js:363
initWalineForMemo	@	main.js:357
script.onload	@	main.js:367
script		
loadWalineScript	@	main.js:363
initWalineForMemo	@	main.js:357
script.onload	@	main.js:367
script		
loadWalineScript	@	main.js:363
initWalineForMemo	@	main.js:357
script.onload	@	main.js:367
script		
loadWalineScript	@	main.js:363
initWalineForMemo	@	main.js:357
script.onload	@	main.js:367
script		
loadWalineScript	@	main.js:363
initWalineForMemo	@	main.js:357
script.onload	@	main.js:367
script		
loadWalineScript	@	main.js:363
initWalineForMemo	@	main.js:357
script.onload	@	main.js:367
script		
loadWalineScript	@	main.js:363
initWalineForMemo	@	main.js:357
script.onload	@	main.js:367
script		
loadWalineScript	@	main.js:363
initWalineForMemo	@	main.js:357
script.onload	@	main.js:367
script		
loadWalineScript	@	main.js:363
initWalineForMemo	@	main.js:357
script.onload	@	main.js:367
script		
loadWalineScript	@	main.js:363
initWalineForMemo	@	main.js:357
script.onload	@	main.js:367
script		
loadWalineScript	@	main.js:363
initWalineForMemo	@	main.js:357
script.onload	@	main.js:367
script		
loadWalineScript	@	main.js:363
initWalineForMemo	@	main.js:357
script.onload	@	main.js:367
script		
loadWalineScript	@	main.js:363
initWalineForMemo	@	main.js:357
script.onload	@	main.js:367
script		
loadWalineScript	@	main.js:363
initWalineForMemo	@	main.js:357
script.onload	@	main.js:367
script		
loadWalineScript	@	main.js:363
initWalineForMemo	@	main.js:357
script.onload	@	main.js:367
script		
loadWalineScript	@	main.js:363
initWalineForMemo	@	main.js:357
script.onload	@	main.js:367
script		
loadWalineScript	@	main.js:363
initWalineForMemo	@	main.js:357
script.onload	@	main.js:367
script		
loadWalineScript	@	main.js:363
initWalineForMemo	@	main.js:357
script.onload	@	main.js:367
script		
loadWalineScript	@	main.js:363
initWalineForMemo	@	main.js:357
script.onload	@	main.js:367
script		
loadWalineScript	@	main.js:363
initWalineForMemo	@	main.js:357
script.onload	@	main.js:367
script		
loadWalineScript	@	main.js:363
initWalineForMemo	@	main.js:357
script.onload	@	main.js:367
script		
loadWalineScript	@	main.js:363
initWalineForMemo	@	main.js:357
script.onload	@	main.js:367
script		
loadWalineScript	@	main.js:363
initWalineForMemo	@	main.js:357
script.onload	@	main.js:367
script		
loadWalineScript	@	main.js:363
initWalineForMemo	@	main.js:357
script.onload	@	main.js:367
script		
loadWalineScript	@	main.js:363
initWalineForMemo	@	main.js:357
script.onload	@	main.js:367
script		
loadWalineScript	@	main.js:363
initWalineForMemo	@	main.js:357
script.onload	@	main.js:367
script		
loadWalineScript	@	main.js:363
initWalineForMemo	@	main.js:357
script.onload	@	main.js:367
script		
loadWalineScript	@	main.js:363
initWalineForMemo	@	main.js:357
script.onload	@	main.js:367
script		
loadWalineScript	@	main.js:363
initWalineForMemo	@	main.js:357
script.onload	@	main.js:367
script		
loadWalineScript	@	main.js:363
initWalineForMemo	@	main.js:357
script.onload	@	main.js:367
script		
loadWalineScript	@	main.js:363
initWalineForMemo	@	main.js:357
script.onload	@	main.js:367
script		
loadWalineScript	@	main.js:363
initWalineForMemo	@	main.js:357
script.onload	@	main.js:367
script		
loadWalineScript	@	main.js:363
initWalineForMemo	@	main.js:357
script.onload	@	main.js:367
script		
loadWalineScript	@	main.js:363
initWalineForMemo	@	main.js:357
script.onload	@	main.js:367
script		
loadWalineScript	@	main.js:363
initWalineForMemo	@	main.js:357
script.onload	@	main.js:367
script		
loadWalineScript	@	main.js:363
initWalineForMemo	@	main.js:357
script.onload	@	main.js:367
script		
loadWalineScript	@	main.js:363
initWalineForMemo	@	main.js:357
script.onload	@	main.js:367
script		
loadWalineScript	@	main.js:363
initWalineForMemo	@	main.js:357
script.onload	@	main.js:367
script		
loadWalineScript	@	main.js:363
initWalineForMemo	@	main.js:357
script.onload	@	main.js:367
script		
loadWalineScript	@	main.js:363
initWalineForMemo	@	main.js:357
（匿名）	@	main.js:329